<?xml version="1.0" encoding="UTF-8"?>
<testsuite xmlns:xsi="http://www.w3.org/2001/XMLSchema-instance" xsi:noNamespaceSchemaLocation="https://maven.apache.org/surefire/maven-surefire-plugin/xsd/surefire-test-report.xsd" name="com.fsoft.hieupnm.booklendsystem.service.implementation.UserServiceImplTest" time="0.298" tests="5" errors="0" skipped="0" failures="0">
  <properties>
[...]
</properties>
  <testcase name="updateUserFromInputFile_pass" classname="com.fsoft.hieupnm.booklendsystem.service.implementation.UserServiceImplTest" time="0.049"/>
  <testcase name="readUserFromInputFile_pass" classname="com.fsoft.hieupnm.booklendsystem.service.implementation.UserServiceImplTest" time="0.052"/>
  <testcase name="addNewUserFromInputFile_pass" classname="com.fsoft.hieupnm.booklendsystem.service.implementation.UserServiceImplTest" time="0.063"/>
  <testcase name="printAllUsers_pass" classname="com.fsoft.hieupnm.booklendsystem.service.implementation.UserServiceImplTest" time="0.074"/>
  <testcase name="deleteUserFromInputFile_pass" classname="com.fsoft.hieupnm.booklendsystem.service.implementation.UserServiceImplTest" time="0.056"/>
</testsuite>